현재 일시 : 2022/10/12 20:23:30 
클라이언트 주소 : 0:0:0:0:0:0:0:1 
문서의 콘텐츠 유형 : application/x-www-form-urlencoded 
--------------------------------------------------현재 일시 : 2022/10/12 20:25:41 
클라이언트 주소 : 0:0:0:0:0:0:0:1 
문서의 콘텐츠 유형 : text/html;charset=UTF-8 
--------------------------------------------------현재 일시 : 2022/10/12 20:26:19 
클라이언트 주소 : 0:0:0:0:0:0:0:1 
문서의 콘텐츠 유형 : text/html;charset=UTF-8 
--------------------------------------------------
현재 일시 : 2022/10/12 20:26:49 
클라이언트 주소 : 0:0:0:0:0:0:0:1 
문서의 콘텐츠 유형 : text/html;charset=UTF-8 
--------------------------------------------------
현재 일시 : 2022/10/12 20:29:39 
클라이언트 주소 : 0:0:0:0:0:0:0:1 
문서의 콘텐츠 유형 : text/html;charset=UTF-8 
--------------------------------------------------
현재 일시 : 2022/10/12 20:29:48 
클라이언트 주소 : 0:0:0:0:0:0:0:1 
문서의 콘텐츠 유형 : text/html;charset=UTF-8 
--------------------------------------------------
